INFO : gathering files under /afs/cern.ch/user/t/tbalestr/public/17.2.10.5/HipMuonSkimming/BosonSkim
INFO : upload source files
INFO : submit
INFO : succeeded. new jediTaskID=5172579

INFO : gathering files under /afs/cern.ch/user/t/tbalestr/public/17.2.10.5/HipMuonSkimming/BosonSkim
INFO : upload source files
INFO : submit
INFO : succeeded. new jediTaskID=5172584

INFO : gathering files under /afs/cern.ch/user/t/tbalestr/public/17.2.10.5/HipMuonSkimming/BosonSkim
INFO : upload source files
INFO : submit
INFO : succeeded. new jediTaskID=5172588

INFO : gathering files under /afs/cern.ch/user/t/tbalestr/public/17.2.10.5/HipMuonSkimming/BosonSkim
INFO : please use --maxFileSize or --extFile if you need to send the skipped files to WNs
INFO : upload source files
INFO : submit
INFO : succeeded. new jediTaskID=5172594

INFO : gathering files under /afs/cern.ch/user/t/tbalestr/public/17.2.10.5/HipMuonSkimming/BosonSkim
INFO : upload source files
INFO : submit
INFO : succeeded. new jediTaskID=5172598

INFO : gathering files under /afs/cern.ch/user/t/tbalestr/public/17.2.10.5/HipMuonSkimming/BosonSkim
INFO : upload source files
INFO : submit
INFO : succeeded. new jediTaskID=5172603

INFO : gathering files under /afs/cern.ch/user/t/tbalestr/public/17.2.10.5/HipMuonSkimming/BosonSkim
INFO : upload source files
INFO : submit
INFO : succeeded. new jediTaskID=5172607

INFO : gathering files under /afs/cern.ch/user/t/tbalestr/public/17.2.10.5/HipMuonSkimming/BosonSkim
INFO : upload source files
INFO : submit
INFO : succeeded. new jediTaskID=5172611

INFO : gathering files under /afs/cern.ch/user/t/tbalestr/public/17.2.10.5/HipMuonSkimming/BosonSkim
INFO : upload source files
INFO : submit
INFO : succeeded. new jediTaskID=5172617

INFO : gathering files under /afs/cern.ch/user/t/tbalestr/public/17.2.10.5/HipMuonSkimming/BosonSkim
INFO : upload source files
INFO : submit
INFO : succeeded. new jediTaskID=5172623

INFO : gathering files under /afs/cern.ch/user/t/tbalestr/public/17.2.10.5/HipMuonSkimming/BosonSkim
INFO : upload source files
INFO : submit
INFO : succeeded. new jediTaskID=5172628

INFO : gathering files under /afs/cern.ch/user/t/tbalestr/public/17.2.10.5/HipMuonSkimming/BosonSkim
INFO : upload source files
INFO : submit
INFO : succeeded. new jediTaskID=5172632

INFO : gathering files under /afs/cern.ch/user/t/tbalestr/public/17.2.10.5/HipMuonSkimming/BosonSkim
INFO : upload source files
INFO : submit
INFO : succeeded. new jediTaskID=5172636

INFO : gathering files under /afs/cern.ch/user/t/tbalestr/public/17.2.10.5/HipMuonSkimming/BosonSkim
INFO : upload source files
INFO : submit
INFO : succeeded. new jediTaskID=5172642

INFO : gathering files under /afs/cern.ch/user/t/tbalestr/public/17.2.10.5/HipMuonSkimming/BosonSkim
INFO : upload source files
INFO : submit
INFO : succeeded. new jediTaskID=5172647

INFO : gathering files under /afs/cern.ch/user/t/tbalestr/public/17.2.10.5/HipMuonSkimming/BosonSkim
INFO : please use --maxFileSize or --extFile if you need to send the skipped files to WNs
INFO : upload source files
INFO : submit
INFO : succeeded. new jediTaskID=5172653

